<?xml version="1.0" encoding="UTF-8"?>
<!-- Generated by org.testng.reporters.JUnitReportReporter -->
<testsuite skipped="0" hostname="Karthik-PC" name="Assignment1.Task5" tests="1" failures="0" timestamp="2020-05-08T18:54:33 IST" time="18.214" errors="0">
  <testcase name="test5" time="18.214" classname="Assignment1.Task5"/>
  <system-out/>
</testsuite> <!-- Assignment1.Task5 -->
