<?xml version="1.0" encoding="UTF-8"?>
<!-- Generated by org.testng.reporters.JUnitReportReporter -->
<testsuite skipped="0" hostname="Karthik-PC" name="Assignment1.Task1" tests="1" failures="0" timestamp="2020-05-22T09:06:03 IST" time="31.163" errors="0">
  <testcase name="test1" time="31.163" classname="Assignment1.Task1"/>
  <system-out/>
</testsuite> <!-- Assignment1.Task1 -->
