<?xml version="1.0" encoding="UTF-8"?>
<!-- Generated by org.testng.reporters.JUnitReportReporter -->
<testsuite skipped="1" hostname="Karthik-PC" name="ExtentReports.ExtentReportDemo" tests="3" failures="0" timestamp="2020-05-11T13:48:08 IST" time="0.022" errors="0">
  <testcase name="failTest" time="0.012" classname="ExtentReports.ExtentReportDemo"/>
  <system-out/>
  <testcase name="passTest" time="0.002" classname="ExtentReports.ExtentReportDemo"/>
  <system-out/>
  <testcase name="skipTest" time="0.008" classname="ExtentReports.ExtentReportDemo">
    <skipped/>
  </testcase> <!-- skipTest -->
  <system-out/>
</testsuite> <!-- ExtentReports.ExtentReportDemo -->
