<?xml version="1.0" encoding="UTF-8"?>
<!-- Generated by org.testng.reporters.JUnitReportReporter -->
<testsuite skipped="0" hostname="Karthik-PC" name="Assignment1.Task3" tests="1" failures="0" timestamp="2020-05-10T11:21:06 IST" time="44.412" errors="0">
  <testcase name="test3" time="44.412" classname="Assignment1.Task3"/>
  <system-out/>
</testsuite> <!-- Assignment1.Task3 -->
