<?xml version="1.0" encoding="UTF-8"?>
<!-- Generated by org.testng.reporters.JUnitReportReporter -->
<testsuite skipped="0" hostname="Karthik-PC" name="Assignment1.Task3" tests="1" failures="0" timestamp="2020-05-13T09:50:33 IST" time="48.999" errors="0">
  <testcase name="test3" time="48.999" classname="Assignment1.Task3"/>
  <system-out/>
</testsuite> <!-- Assignment1.Task3 -->
