<?xml version="1.0" encoding="UTF-8"?>
<!-- Generated by org.testng.reporters.JUnitReportReporter -->
<testsuite skipped="0" hostname="Karthik-PC" name="Assignment1.Task1" tests="1" failures="0" timestamp="2020-05-11T09:42:33 IST" time="63.969" errors="0">
  <testcase name="test1" time="63.969" classname="Assignment1.Task1"/>
  <system-out/>
</testsuite> <!-- Assignment1.Task1 -->
